<?xml version="1.0" encoding="utf-8"?><testsuites name="pytest tests"><testsuite name="pytest" errors="0" failures="0" skipped="0" tests="28" time="5.425" timestamp="2026-04-28T20:35:22.292418+00:00" hostname="agent-env-b951cf8f-7609-4152-a19d-4fb1a2ed7e8a"><testcase classname="backend.tests.backend_test.TestHealth" name="test_health_ok" time="0.282" /><testcase classname="backend.tests.backend_test.TestCORS" name="test_preflight_aioperator_social" time="0.021" /><testcase classname="backend.tests.backend_test.TestCORS" name="test_preflight_apex_domain" time="0.018" /><testcase classname="backend.tests.backend_test.TestPlans" name="test_get_plans" time="0.074" /><testcase classname="backend.tests.backend_test.TestAuth" name="test_register_returns_active_trial" time="0.139" /><testcase classname="backend.tests.backend_test.TestAuth" name="test_register_duplicate_email" time="0.207" /><testcase classname="backend.tests.backend_test.TestAuth" name="test_register_validation_error" time="0.072" /><testcase classname="backend.tests.backend_test.TestAuth" name="test_login_success_returns_subscription" time="0.134" /><testcase classname="backend.tests.backend_test.TestAuth" name="test_login_invalid_credentials" time="0.134" /><testcase classname="backend.tests.backend_test.TestAuth" name="test_me_requires_token" time="0.058" /><testcase classname="backend.tests.backend_test.TestAuth" name="test_me_returns_user_and_subscription" time="0.067" /><testcase classname="backend.tests.backend_test.TestAuth" name="test_me_auto_creates_trial_for_user_without_sub" time="0.322" /><testcase classname="backend.tests.backend_test.TestSubscription" name="test_get_subscription" time="0.061" /><testcase classname="backend.tests.backend_test.TestSubscription" name="test_select_plan_business" time="0.277" /><testcase classname="backend.tests.backend_test.TestSubscription" name="test_select_plan_invalid" time="0.059" /><testcase classname="backend.tests.backend_test.TestBots" name="test_bot_full_crud_and_limit" time="0.722" /><testcase classname="backend.tests.backend_test.TestBots" name="test_business_plan_allows_5_bots" time="0.501" /><testcase classname="backend.tests.backend_test.TestBots" name="test_bots_require_auth" time="0.055" /><testcase classname="backend.tests.backend_test.TestProducts" name="test_product_crud" time="0.323" /><testcase classname="backend.tests.backend_test.TestActivities" name="test_activities_recent" time="0.059" /><testcase classname="backend.tests.backend_test.TestNoObjectIdLeak" name="test_no_raw_objectid_in_user_payload" time="0.058" /><testcase classname="backend.tests.backend_test.TestPhase2ADefaults" name="test_register_without_plan_defaults_to_combo" time="0.134" /><testcase classname="backend.tests.backend_test.TestPhase2ADefaults" name="test_register_business_plan_fields" time="0.132" /><testcase classname="backend.tests.backend_test.TestPhase2ADefaults" name="test_me_returns_full_subscription_fields" time="0.055" /><testcase classname="backend.tests.backend_test.TestPhase2ADefaults" name="test_persistence_after_reregister_login" time="0.436" /><testcase classname="backend.tests.backend_test.TestBotGetById" name="test_get_bot_by_id_and_404" time="0.323" /><testcase classname="backend.tests.backend_test.TestProductPhase2A" name="test_product_full_fields_and_status_transition" time="0.405" /><testcase classname="backend.tests.backend_test.TestSelectPlanDerived" name="test_select_business_updates_all_derived" time="0.221" /></testsuite></testsuites>