<?xml version="1.0" encoding="utf-8"?><testsuites name="pytest tests"><testsuite name="pytest" errors="0" failures="0" skipped="0" tests="28" time="4.946" timestamp="2026-04-28T20:29:36.725510+00:00" hostname="agent-env-b951cf8f-7609-4152-a19d-4fb1a2ed7e8a"><testcase classname="backend.tests.backend_test.TestHealth" name="test_health_ok" time="0.202" /><testcase classname="backend.tests.backend_test.TestCORS" name="test_preflight_aioperator_social" time="0.018" /><testcase classname="backend.tests.backend_test.TestCORS" name="test_preflight_apex_domain" time="0.016" /><testcase classname="backend.tests.backend_test.TestPlans" name="test_get_plans" time="0.054" /><testcase classname="backend.tests.backend_test.TestAuth" name="test_register_returns_active_trial" time="0.159" /><testcase classname="backend.tests.backend_test.TestAuth" name="test_register_duplicate_email" time="0.188" /><testcase classname="backend.tests.backend_test.TestAuth" name="test_register_validation_error" time="0.048" /><testcase classname="backend.tests.backend_test.TestAuth" name="test_login_success_returns_subscription" time="0.135" /><testcase classname="backend.tests.backend_test.TestAuth" name="test_login_invalid_credentials" time="0.126" /><testcase classname="backend.tests.backend_test.TestAuth" name="test_me_requires_token" time="0.048" /><testcase classname="backend.tests.backend_test.TestAuth" name="test_me_returns_user_and_subscription" time="0.056" /><testcase classname="backend.tests.backend_test.TestAuth" name="test_me_auto_creates_trial_for_user_without_sub" time="0.312" /><testcase classname="backend.tests.backend_test.TestSubscription" name="test_get_subscription" time="0.054" /><testcase classname="backend.tests.backend_test.TestSubscription" name="test_select_plan_business" time="0.257" /><testcase classname="backend.tests.backend_test.TestSubscription" name="test_select_plan_invalid" time="0.048" /><testcase classname="backend.tests.backend_test.TestBots" name="test_bot_full_crud_and_limit" time="0.613" /><testcase classname="backend.tests.backend_test.TestBots" name="test_business_plan_allows_5_bots" time="0.451" /><testcase classname="backend.tests.backend_test.TestBots" name="test_bots_require_auth" time="0.046" /><testcase classname="backend.tests.backend_test.TestProducts" name="test_product_crud" time="0.310" /><testcase classname="backend.tests.backend_test.TestActivities" name="test_activities_recent" time="0.056" /><testcase classname="backend.tests.backend_test.TestNoObjectIdLeak" name="test_no_raw_objectid_in_user_payload" time="0.055" /><testcase classname="backend.tests.backend_test.TestPhase2ADefaults" name="test_register_without_plan_defaults_to_combo" time="0.126" /><testcase classname="backend.tests.backend_test.TestPhase2ADefaults" name="test_register_business_plan_fields" time="0.127" /><testcase classname="backend.tests.backend_test.TestPhase2ADefaults" name="test_me_returns_full_subscription_fields" time="0.054" /><testcase classname="backend.tests.backend_test.TestPhase2ADefaults" name="test_persistence_after_reregister_login" time="0.407" /><testcase classname="backend.tests.backend_test.TestBotGetById" name="test_get_bot_by_id_and_404" time="0.300" /><testcase classname="backend.tests.backend_test.TestProductPhase2A" name="test_product_full_fields_and_status_transition" time="0.370" /><testcase classname="backend.tests.backend_test.TestSelectPlanDerived" name="test_select_business_updates_all_derived" time="0.199" /></testsuite></testsuites>